27-Nov-2024 05:03:08.585 INFO [main] org.apache.catalina.startup.VersionLoggerListener.log Server version name:   Apache Tomcat/10.1.31
27-Nov-2024 05:03:08.592 INFO [main] org.apache.catalina.startup.VersionLoggerListener.log Server built:          Oct 3 2024 19:02:38 UTC
27-Nov-2024 05:03:08.592 INFO [main] org.apache.catalina.startup.VersionLoggerListener.log Server version number: 10.1.31.0
27-Nov-2024 05:03:08.593 INFO [main] org.apache.catalina.startup.VersionLoggerListener.log OS Name:               Windows 11
27-Nov-2024 05:03:08.593 INFO [main] org.apache.catalina.startup.VersionLoggerListener.log OS Version:            10.0
27-Nov-2024 05:03:08.593 INFO [main] org.apache.catalina.startup.VersionLoggerListener.log Architecture:          amd64
27-Nov-2024 05:03:08.593 INFO [main] org.apache.catalina.startup.VersionLoggerListener.log Java Home:             C:\Users\vasanth\.jdks\openjdk-23.0.1
27-Nov-2024 05:03:08.593 INFO [main] org.apache.catalina.startup.VersionLoggerListener.log JVM Version:           23.0.1+11-39
27-Nov-2024 05:03:08.594 INFO [main] org.apache.catalina.startup.VersionLoggerListener.log JVM Vendor:            Oracle Corporation
27-Nov-2024 05:03:08.594 INFO [main] org.apache.catalina.startup.VersionLoggerListener.log CATALINA_BASE:         C:\Users\vasanth\Documents\ZohoContinue\MockerDB-vasanth
27-Nov-2024 05:03:08.594 INFO [main] org.apache.catalina.startup.VersionLoggerListener.log CATALINA_HOME:         C:\Users\vasanth\Documents\apache-tomcat-10.1.31
27-Nov-2024 05:03:08.606 INFO [main] org.apache.catalina.startup.VersionLoggerListener.log Command line argument: --add-opens=java.base/java.lang=ALL-UNNAMED
27-Nov-2024 05:03:08.606 INFO [main] org.apache.catalina.startup.VersionLoggerListener.log Command line argument: --add-opens=java.base/java.io=ALL-UNNAMED
27-Nov-2024 05:03:08.606 INFO [main] org.apache.catalina.startup.VersionLoggerListener.log Command line argument: --add-opens=java.base/java.util=ALL-UNNAMED
27-Nov-2024 05:03:08.606 INFO [main] org.apache.catalina.startup.VersionLoggerListener.log Command line argument: --add-opens=java.base/java.util.concurrent=ALL-UNNAMED
27-Nov-2024 05:03:08.606 INFO [main] org.apache.catalina.startup.VersionLoggerListener.log Command line argument: --add-opens=java.rmi/sun.rmi.transport=ALL-UNNAMED
27-Nov-2024 05:03:08.606 INFO [main] org.apache.catalina.startup.VersionLoggerListener.log Command line argument: -Dcatalina.home=C:\Users\vasanth\Documents\apache-tomcat-10.1.31
27-Nov-2024 05:03:08.606 INFO [main] org.apache.catalina.startup.VersionLoggerListener.log Command line argument: -Dcatalina.base=C:\Users\vasanth\Documents\ZohoContinue\MockerDB-vasanth
27-Nov-2024 05:03:08.606 INFO [main] org.apache.catalina.startup.VersionLoggerListener.log Command line argument: -Djava.io.tmpdir=C:\Users\vasanth\Documents\ZohoContinue\MockerDB-vasanth\temp
27-Nov-2024 05:03:08.606 INFO [main] org.apache.catalina.startup.VersionLoggerListener.log Command line argument: -Djava.util.logging.config.file=C:\Users\vasanth\Documents\ZohoContinue\MockerDB-vasanth\conf\logging.properties
27-Nov-2024 05:03:08.606 INFO [main] org.apache.catalina.startup.VersionLoggerListener.log Command line argument: -Djava.util.logging.manager=org.apache.juli.ClassLoaderLogManager
27-Nov-2024 05:03:08.606 INFO [main] org.apache.catalina.startup.VersionLoggerListener.log Command line argument: -javaagent:C:\Users\vasanth\AppData\Local\JetBrains\IntelliJ IDEA Community Edition 2024.1.4\lib\idea_rt.jar=54999:C:\Users\vasanth\AppData\Local\JetBrains\IntelliJ IDEA Community Edition 2024.1.4\bin
27-Nov-2024 05:03:08.606 INFO [main] org.apache.catalina.startup.VersionLoggerListener.log Command line argument: -Dfile.encoding=UTF-8
27-Nov-2024 05:03:08.607 INFO [main] org.apache.catalina.startup.VersionLoggerListener.log Command line argument: -Dsun.stdout.encoding=UTF-8
27-Nov-2024 05:03:08.607 INFO [main] org.apache.catalina.startup.VersionLoggerListener.log Command line argument: -Dsun.stderr.encoding=UTF-8
27-Nov-2024 05:03:08.868 INFO [main] org.apache.catalina.core.AprLifecycleListener.lifecycleEvent Loaded Apache Tomcat Native library [2.0.8] using APR version [1.7.4].
27-Nov-2024 05:03:08.883 INFO [main] org.apache.catalina.core.AprLifecycleListener.initializeSSL OpenSSL successfully initialized [OpenSSL 3.0.14 4 Jun 2024]
27-Nov-2024 05:03:09.340 INFO [main] org.apache.coyote.AbstractProtocol.init Initializing ProtocolHandler ["http-nio-8080"]
27-Nov-2024 05:03:09.363 INFO [main] org.apache.catalina.startup.Catalina.load Server initialization in [1092] milliseconds
27-Nov-2024 05:03:09.431 INFO [main] org.apache.catalina.core.StandardService.startInternal Starting service [Catalina]
27-Nov-2024 05:03:09.431 INFO [main] org.apache.catalina.core.StandardEngine.startInternal Starting Servlet engine: [Apache Tomcat/10.1.31]
27-Nov-2024 05:03:09.451 INFO [main] org.apache.catalina.startup.HostConfig.deployDescriptor Deploying deployment descriptor [C:\Users\vasanth\Documents\ZohoContinue\MockerDB-vasanth\conf\Catalina\localhost\MockerDB-vasanth.xml]
27-Nov-2024 05:03:14.928 SEVERE [main] org.apache.catalina.core.StandardContext.startInternal One or more Filters failed to start. Full details will be found in the appropriate container log file
27-Nov-2024 05:03:14.929 SEVERE [main] org.apache.catalina.core.StandardContext.startInternal Context [/MockerDB-vasanth] startup failed due to previous errors
27-Nov-2024 05:03:14.950 INFO [main] org.apache.catalina.startup.HostConfig.deployDescriptor Deployment of deployment descriptor [C:\Users\vasanth\Documents\ZohoContinue\MockerDB-vasanth\conf\Catalina\localhost\MockerDB-vasanth.xml] has finished in [5,500] ms
27-Nov-2024 05:03:14.954 INFO [main] org.apache.coyote.AbstractProtocol.start Starting ProtocolHandler ["http-nio-8080"]
27-Nov-2024 05:03:14.991 INFO [main] org.apache.catalina.startup.Catalina.start Server startup in [5625] milliseconds
27-Nov-2024 05:06:33.517 INFO [Thread-1] org.apache.coyote.AbstractProtocol.pause Pausing ProtocolHandler ["http-nio-8080"]
27-Nov-2024 05:06:33.524 INFO [Thread-1] org.apache.catalina.core.StandardService.stopInternal Stopping service [Catalina]
27-Nov-2024 05:06:33.529 INFO [Thread-1] org.apache.coyote.AbstractProtocol.stop Stopping ProtocolHandler ["http-nio-8080"]
27-Nov-2024 05:06:33.537 INFO [Thread-1] org.apache.coyote.AbstractProtocol.destroy Destroying ProtocolHandler ["http-nio-8080"]
27-Nov-2024 05:06:36.225 INFO [main] org.apache.catalina.startup.VersionLoggerListener.log Server version name:   Apache Tomcat/9.0.97
27-Nov-2024 05:06:36.233 INFO [main] org.apache.catalina.startup.VersionLoggerListener.log Server built:          Nov 6 2024 19:55:19 UTC
27-Nov-2024 05:06:36.233 INFO [main] org.apache.catalina.startup.VersionLoggerListener.log Server version number: 9.0.97.0
27-Nov-2024 05:06:36.233 INFO [main] org.apache.catalina.startup.VersionLoggerListener.log OS Name:               Windows 11
27-Nov-2024 05:06:36.234 INFO [main] org.apache.catalina.startup.VersionLoggerListener.log OS Version:            10.0
27-Nov-2024 05:06:36.234 INFO [main] org.apache.catalina.startup.VersionLoggerListener.log Architecture:          amd64
27-Nov-2024 05:06:36.234 INFO [main] org.apache.catalina.startup.VersionLoggerListener.log Java Home:             C:\Users\vasanth\.jdks\openjdk-23.0.1
27-Nov-2024 05:06:36.234 INFO [main] org.apache.catalina.startup.VersionLoggerListener.log JVM Version:           23.0.1+11-39
27-Nov-2024 05:06:36.234 INFO [main] org.apache.catalina.startup.VersionLoggerListener.log JVM Vendor:            Oracle Corporation
27-Nov-2024 05:06:36.234 INFO [main] org.apache.catalina.startup.VersionLoggerListener.log CATALINA_BASE:         C:\Users\vasanth\Documents\ZohoContinue\MockerDB-vasanth
27-Nov-2024 05:06:36.234 INFO [main] org.apache.catalina.startup.VersionLoggerListener.log CATALINA_HOME:         C:\Users\vasanth\Downloads\apache-tomcat-9.0.97-windows-x64\apache-tomcat-9.0.97
27-Nov-2024 05:06:36.244 INFO [main] org.apache.catalina.startup.VersionLoggerListener.log Command line argument: --add-opens=java.base/java.lang=ALL-UNNAMED
27-Nov-2024 05:06:36.245 INFO [main] org.apache.catalina.startup.VersionLoggerListener.log Command line argument: --add-opens=java.base/java.io=ALL-UNNAMED
27-Nov-2024 05:06:36.245 INFO [main] org.apache.catalina.startup.VersionLoggerListener.log Command line argument: --add-opens=java.base/java.util=ALL-UNNAMED
27-Nov-2024 05:06:36.245 INFO [main] org.apache.catalina.startup.VersionLoggerListener.log Command line argument: --add-opens=java.base/java.util.concurrent=ALL-UNNAMED
27-Nov-2024 05:06:36.245 INFO [main] org.apache.catalina.startup.VersionLoggerListener.log Command line argument: --add-opens=java.rmi/sun.rmi.transport=ALL-UNNAMED
27-Nov-2024 05:06:36.245 INFO [main] org.apache.catalina.startup.VersionLoggerListener.log Command line argument: -Dcatalina.home=C:\Users\vasanth\Downloads\apache-tomcat-9.0.97-windows-x64\apache-tomcat-9.0.97
27-Nov-2024 05:06:36.245 INFO [main] org.apache.catalina.startup.VersionLoggerListener.log Command line argument: -Dcatalina.base=C:\Users\vasanth\Documents\ZohoContinue\MockerDB-vasanth
27-Nov-2024 05:06:36.245 INFO [main] org.apache.catalina.startup.VersionLoggerListener.log Command line argument: -Djava.io.tmpdir=C:\Users\vasanth\Documents\ZohoContinue\MockerDB-vasanth\temp
27-Nov-2024 05:06:36.246 INFO [main] org.apache.catalina.startup.VersionLoggerListener.log Command line argument: -Djava.util.logging.config.file=C:\Users\vasanth\Documents\ZohoContinue\MockerDB-vasanth\conf\logging.properties
27-Nov-2024 05:06:36.246 INFO [main] org.apache.catalina.startup.VersionLoggerListener.log Command line argument: -Djava.util.logging.manager=org.apache.juli.ClassLoaderLogManager
27-Nov-2024 05:06:36.246 INFO [main] org.apache.catalina.startup.VersionLoggerListener.log Command line argument: -javaagent:C:\Users\vasanth\AppData\Local\JetBrains\IntelliJ IDEA Community Edition 2024.1.4\lib\idea_rt.jar=55086:C:\Users\vasanth\AppData\Local\JetBrains\IntelliJ IDEA Community Edition 2024.1.4\bin
27-Nov-2024 05:06:36.246 INFO [main] org.apache.catalina.startup.VersionLoggerListener.log Command line argument: -Dfile.encoding=UTF-8
27-Nov-2024 05:06:36.246 INFO [main] org.apache.catalina.startup.VersionLoggerListener.log Command line argument: -Dsun.stdout.encoding=UTF-8
27-Nov-2024 05:06:36.246 INFO [main] org.apache.catalina.startup.VersionLoggerListener.log Command line argument: -Dsun.stderr.encoding=UTF-8
27-Nov-2024 05:06:36.252 INFO [main] org.apache.catalina.core.AprLifecycleListener.lifecycleEvent Loaded Apache Tomcat Native library [1.3.1] using APR version [1.7.4].
27-Nov-2024 05:06:36.252 INFO [main] org.apache.catalina.core.AprLifecycleListener.lifecycleEvent APR capabilities: IPv6 [true], sendfile [true], accept filters [false], random [true], UDS [true].
27-Nov-2024 05:06:36.252 INFO [main] org.apache.catalina.core.AprLifecycleListener.lifecycleEvent APR/OpenSSL configuration: useAprConnector [false], useOpenSSL [true]
27-Nov-2024 05:06:36.276 INFO [main] org.apache.catalina.core.AprLifecycleListener.initializeSSL OpenSSL successfully initialized [OpenSSL 3.0.14 4 Jun 2024]
27-Nov-2024 05:06:36.890 INFO [main] org.apache.coyote.AbstractProtocol.init Initializing ProtocolHandler ["http-nio-8080"]
27-Nov-2024 05:06:36.921 INFO [main] org.apache.catalina.startup.Catalina.load Server initialization in [1021] milliseconds
27-Nov-2024 05:06:37.016 INFO [main] org.apache.catalina.core.StandardService.startInternal Starting service [Catalina]
27-Nov-2024 05:06:37.016 INFO [main] org.apache.catalina.core.StandardEngine.startInternal Starting Servlet engine: [Apache Tomcat/9.0.97]
27-Nov-2024 05:06:37.038 INFO [main] org.apache.catalina.startup.HostConfig.deployDescriptor Deploying deployment descriptor [C:\Users\vasanth\Documents\ZohoContinue\MockerDB-vasanth\conf\Catalina\localhost\MockerDB-vasanth.xml]
27-Nov-2024 05:06:40.367 SEVERE [main] org.apache.catalina.core.StandardContext.startInternal One or more Filters failed to start. Full details will be found in the appropriate container log file
27-Nov-2024 05:06:40.367 SEVERE [main] org.apache.catalina.core.StandardContext.startInternal Context [/MockerDB-vasanth] startup failed due to previous errors
27-Nov-2024 05:06:40.383 INFO [main] org.apache.catalina.startup.HostConfig.deployDescriptor Deployment of deployment descriptor [C:\Users\vasanth\Documents\ZohoContinue\MockerDB-vasanth\conf\Catalina\localhost\MockerDB-vasanth.xml] has finished in [3,345] ms
27-Nov-2024 05:06:40.386 INFO [main] org.apache.coyote.AbstractProtocol.start Starting ProtocolHandler ["http-nio-8080"]
27-Nov-2024 05:06:40.421 INFO [main] org.apache.catalina.startup.Catalina.start Server startup in [3496] milliseconds
27-Nov-2024 05:11:39.735 INFO [Thread-1] org.apache.coyote.AbstractProtocol.pause Pausing ProtocolHandler ["http-nio-8080"]
27-Nov-2024 05:11:39.747 INFO [Thread-1] org.apache.catalina.core.StandardService.stopInternal Stopping service [Catalina]
27-Nov-2024 05:11:39.748 INFO [Thread-1] org.apache.coyote.AbstractProtocol.stop Stopping ProtocolHandler ["http-nio-8080"]
27-Nov-2024 05:11:39.754 INFO [Thread-1] org.apache.coyote.AbstractProtocol.destroy Destroying ProtocolHandler ["http-nio-8080"]
27-Nov-2024 05:11:45.111 INFO [main] org.apache.catalina.startup.VersionLoggerListener.log Server version name:   Apache Tomcat/9.0.97
27-Nov-2024 05:11:45.122 INFO [main] org.apache.catalina.startup.VersionLoggerListener.log Server built:          Nov 6 2024 19:55:19 UTC
27-Nov-2024 05:11:45.122 INFO [main] org.apache.catalina.startup.VersionLoggerListener.log Server version number: 9.0.97.0
27-Nov-2024 05:11:45.122 INFO [main] org.apache.catalina.startup.VersionLoggerListener.log OS Name:               Windows 11
27-Nov-2024 05:11:45.122 INFO [main] org.apache.catalina.startup.VersionLoggerListener.log OS Version:            10.0
27-Nov-2024 05:11:45.123 INFO [main] org.apache.catalina.startup.VersionLoggerListener.log Architecture:          amd64
27-Nov-2024 05:11:45.123 INFO [main] org.apache.catalina.startup.VersionLoggerListener.log Java Home:             C:\Users\vasanth\.jdks\openjdk-23.0.1
27-Nov-2024 05:11:45.123 INFO [main] org.apache.catalina.startup.VersionLoggerListener.log JVM Version:           23.0.1+11-39
27-Nov-2024 05:11:45.123 INFO [main] org.apache.catalina.startup.VersionLoggerListener.log JVM Vendor:            Oracle Corporation
27-Nov-2024 05:11:45.123 INFO [main] org.apache.catalina.startup.VersionLoggerListener.log CATALINA_BASE:         C:\Users\vasanth\Documents\ZohoContinue\MockerDB-vasanth
27-Nov-2024 05:11:45.123 INFO [main] org.apache.catalina.startup.VersionLoggerListener.log CATALINA_HOME:         C:\Users\vasanth\Downloads\apache-tomcat-9.0.97-windows-x64\apache-tomcat-9.0.97
27-Nov-2024 05:11:45.135 INFO [main] org.apache.catalina.startup.VersionLoggerListener.log Command line argument: --add-opens=java.base/java.lang=ALL-UNNAMED
27-Nov-2024 05:11:45.135 INFO [main] org.apache.catalina.startup.VersionLoggerListener.log Command line argument: --add-opens=java.base/java.io=ALL-UNNAMED
27-Nov-2024 05:11:45.135 INFO [main] org.apache.catalina.startup.VersionLoggerListener.log Command line argument: --add-opens=java.base/java.util=ALL-UNNAMED
27-Nov-2024 05:11:45.135 INFO [main] org.apache.catalina.startup.VersionLoggerListener.log Command line argument: --add-opens=java.base/java.util.concurrent=ALL-UNNAMED
27-Nov-2024 05:11:45.135 INFO [main] org.apache.catalina.startup.VersionLoggerListener.log Command line argument: --add-opens=java.rmi/sun.rmi.transport=ALL-UNNAMED
27-Nov-2024 05:11:45.135 INFO [main] org.apache.catalina.startup.VersionLoggerListener.log Command line argument: -Dcatalina.home=C:\Users\vasanth\Downloads\apache-tomcat-9.0.97-windows-x64\apache-tomcat-9.0.97
27-Nov-2024 05:11:45.135 INFO [main] org.apache.catalina.startup.VersionLoggerListener.log Command line argument: -Dcatalina.base=C:\Users\vasanth\Documents\ZohoContinue\MockerDB-vasanth
27-Nov-2024 05:11:45.135 INFO [main] org.apache.catalina.startup.VersionLoggerListener.log Command line argument: -Djava.io.tmpdir=C:\Users\vasanth\Documents\ZohoContinue\MockerDB-vasanth\temp
27-Nov-2024 05:11:45.135 INFO [main] org.apache.catalina.startup.VersionLoggerListener.log Command line argument: -Djava.util.logging.config.file=C:\Users\vasanth\Documents\ZohoContinue\MockerDB-vasanth\conf\logging.properties
27-Nov-2024 05:11:45.136 INFO [main] org.apache.catalina.startup.VersionLoggerListener.log Command line argument: -Djava.util.logging.manager=org.apache.juli.ClassLoaderLogManager
27-Nov-2024 05:11:45.136 INFO [main] org.apache.catalina.startup.VersionLoggerListener.log Command line argument: -javaagent:C:\Users\vasanth\AppData\Local\JetBrains\IntelliJ IDEA Community Edition 2024.1.4\lib\idea_rt.jar=55108:C:\Users\vasanth\AppData\Local\JetBrains\IntelliJ IDEA Community Edition 2024.1.4\bin
27-Nov-2024 05:11:45.136 INFO [main] org.apache.catalina.startup.VersionLoggerListener.log Command line argument: -Dfile.encoding=UTF-8
27-Nov-2024 05:11:45.136 INFO [main] org.apache.catalina.startup.VersionLoggerListener.log Command line argument: -Dsun.stdout.encoding=UTF-8
27-Nov-2024 05:11:45.137 INFO [main] org.apache.catalina.startup.VersionLoggerListener.log Command line argument: -Dsun.stderr.encoding=UTF-8
27-Nov-2024 05:11:45.142 INFO [main] org.apache.catalina.core.AprLifecycleListener.lifecycleEvent Loaded Apache Tomcat Native library [1.3.1] using APR version [1.7.4].
27-Nov-2024 05:11:45.142 INFO [main] org.apache.catalina.core.AprLifecycleListener.lifecycleEvent APR capabilities: IPv6 [true], sendfile [true], accept filters [false], random [true], UDS [true].
27-Nov-2024 05:11:45.142 INFO [main] org.apache.catalina.core.AprLifecycleListener.lifecycleEvent APR/OpenSSL configuration: useAprConnector [false], useOpenSSL [true]
27-Nov-2024 05:11:45.157 INFO [main] org.apache.catalina.core.AprLifecycleListener.initializeSSL OpenSSL successfully initialized [OpenSSL 3.0.14 4 Jun 2024]
27-Nov-2024 05:11:45.918 INFO [main] org.apache.coyote.AbstractProtocol.init Initializing ProtocolHandler ["http-nio-8080"]
27-Nov-2024 05:11:45.958 INFO [main] org.apache.catalina.startup.Catalina.load Server initialization in [1239] milliseconds
27-Nov-2024 05:11:46.040 INFO [main] org.apache.catalina.core.StandardService.startInternal Starting service [Catalina]
27-Nov-2024 05:11:46.040 INFO [main] org.apache.catalina.core.StandardEngine.startInternal Starting Servlet engine: [Apache Tomcat/9.0.97]
27-Nov-2024 05:11:46.063 INFO [main] org.apache.catalina.startup.HostConfig.deployDescriptor Deploying deployment descriptor [C:\Users\vasanth\Documents\ZohoContinue\MockerDB-vasanth\conf\Catalina\localhost\MockerDB-vasanth.xml]
27-Nov-2024 05:11:50.142 INFO [main] org.apache.catalina.startup.HostConfig.deployDescriptor Deployment of deployment descriptor [C:\Users\vasanth\Documents\ZohoContinue\MockerDB-vasanth\conf\Catalina\localhost\MockerDB-vasanth.xml] has finished in [4,078] ms
27-Nov-2024 05:11:50.161 INFO [main] org.apache.coyote.AbstractProtocol.start Starting ProtocolHandler ["http-nio-8080"]
27-Nov-2024 05:11:50.198 INFO [main] org.apache.catalina.startup.Catalina.start Server startup in [4235] milliseconds
27-Nov-2024 05:13:09.723 INFO [Thread-1] org.apache.coyote.AbstractProtocol.pause Pausing ProtocolHandler ["http-nio-8080"]
27-Nov-2024 05:13:09.731 INFO [Thread-1] org.apache.catalina.core.StandardService.stopInternal Stopping service [Catalina]
27-Nov-2024 05:13:09.763 INFO [Thread-1] org.apache.coyote.AbstractProtocol.stop Stopping ProtocolHandler ["http-nio-8080"]
27-Nov-2024 05:13:09.779 INFO [Thread-1] org.apache.coyote.AbstractProtocol.destroy Destroying ProtocolHandler ["http-nio-8080"]
27-Nov-2024 05:13:13.912 INFO [main] org.apache.catalina.startup.VersionLoggerListener.log Server version name:   Apache Tomcat/9.0.97
27-Nov-2024 05:13:13.918 INFO [main] org.apache.catalina.startup.VersionLoggerListener.log Server built:          Nov 6 2024 19:55:19 UTC
27-Nov-2024 05:13:13.918 INFO [main] org.apache.catalina.startup.VersionLoggerListener.log Server version number: 9.0.97.0
27-Nov-2024 05:13:13.918 INFO [main] org.apache.catalina.startup.VersionLoggerListener.log OS Name:               Windows 11
27-Nov-2024 05:13:13.919 INFO [main] org.apache.catalina.startup.VersionLoggerListener.log OS Version:            10.0
27-Nov-2024 05:13:13.919 INFO [main] org.apache.catalina.startup.VersionLoggerListener.log Architecture:          amd64
27-Nov-2024 05:13:13.919 INFO [main] org.apache.catalina.startup.VersionLoggerListener.log Java Home:             C:\Users\vasanth\.jdks\openjdk-23.0.1
27-Nov-2024 05:13:13.919 INFO [main] org.apache.catalina.startup.VersionLoggerListener.log JVM Version:           23.0.1+11-39
27-Nov-2024 05:13:13.919 INFO [main] org.apache.catalina.startup.VersionLoggerListener.log JVM Vendor:            Oracle Corporation
27-Nov-2024 05:13:13.919 INFO [main] org.apache.catalina.startup.VersionLoggerListener.log CATALINA_BASE:         C:\Users\vasanth\Documents\ZohoContinue\MockerDB-vasanth
27-Nov-2024 05:13:13.919 INFO [main] org.apache.catalina.startup.VersionLoggerListener.log CATALINA_HOME:         C:\Users\vasanth\Downloads\apache-tomcat-9.0.97-windows-x64\apache-tomcat-9.0.97
27-Nov-2024 05:13:13.929 INFO [main] org.apache.catalina.startup.VersionLoggerListener.log Command line argument: --add-opens=java.base/java.lang=ALL-UNNAMED
27-Nov-2024 05:13:13.929 INFO [main] org.apache.catalina.startup.VersionLoggerListener.log Command line argument: --add-opens=java.base/java.io=ALL-UNNAMED
27-Nov-2024 05:13:13.930 INFO [main] org.apache.catalina.startup.VersionLoggerListener.log Command line argument: --add-opens=java.base/java.util=ALL-UNNAMED
27-Nov-2024 05:13:13.930 INFO [main] org.apache.catalina.startup.VersionLoggerListener.log Command line argument: --add-opens=java.base/java.util.concurrent=ALL-UNNAMED
27-Nov-2024 05:13:13.930 INFO [main] org.apache.catalina.startup.VersionLoggerListener.log Command line argument: --add-opens=java.rmi/sun.rmi.transport=ALL-UNNAMED
27-Nov-2024 05:13:13.930 INFO [main] org.apache.catalina.startup.VersionLoggerListener.log Command line argument: -Dcatalina.home=C:\Users\vasanth\Downloads\apache-tomcat-9.0.97-windows-x64\apache-tomcat-9.0.97
27-Nov-2024 05:13:13.930 INFO [main] org.apache.catalina.startup.VersionLoggerListener.log Command line argument: -Dcatalina.base=C:\Users\vasanth\Documents\ZohoContinue\MockerDB-vasanth
27-Nov-2024 05:13:13.930 INFO [main] org.apache.catalina.startup.VersionLoggerListener.log Command line argument: -Djava.io.tmpdir=C:\Users\vasanth\Documents\ZohoContinue\MockerDB-vasanth\temp
27-Nov-2024 05:13:13.930 INFO [main] org.apache.catalina.startup.VersionLoggerListener.log Command line argument: -Djava.util.logging.config.file=C:\Users\vasanth\Documents\ZohoContinue\MockerDB-vasanth\conf\logging.properties
27-Nov-2024 05:13:13.931 INFO [main] org.apache.catalina.startup.VersionLoggerListener.log Command line argument: -Djava.util.logging.manager=org.apache.juli.ClassLoaderLogManager
27-Nov-2024 05:13:13.931 INFO [main] org.apache.catalina.startup.VersionLoggerListener.log Command line argument: -javaagent:C:\Users\vasanth\AppData\Local\JetBrains\IntelliJ IDEA Community Edition 2024.1.4\lib\idea_rt.jar=55133:C:\Users\vasanth\AppData\Local\JetBrains\IntelliJ IDEA Community Edition 2024.1.4\bin
27-Nov-2024 05:13:13.931 INFO [main] org.apache.catalina.startup.VersionLoggerListener.log Command line argument: -Dfile.encoding=UTF-8
27-Nov-2024 05:13:13.931 INFO [main] org.apache.catalina.startup.VersionLoggerListener.log Command line argument: -Dsun.stdout.encoding=UTF-8
27-Nov-2024 05:13:13.931 INFO [main] org.apache.catalina.startup.VersionLoggerListener.log Command line argument: -Dsun.stderr.encoding=UTF-8
27-Nov-2024 05:13:13.936 INFO [main] org.apache.catalina.core.AprLifecycleListener.lifecycleEvent Loaded Apache Tomcat Native library [1.3.1] using APR version [1.7.4].
27-Nov-2024 05:13:13.936 INFO [main] org.apache.catalina.core.AprLifecycleListener.lifecycleEvent APR capabilities: IPv6 [true], sendfile [true], accept filters [false], random [true], UDS [true].
27-Nov-2024 05:13:13.936 INFO [main] org.apache.catalina.core.AprLifecycleListener.lifecycleEvent APR/OpenSSL configuration: useAprConnector [false], useOpenSSL [true]
27-Nov-2024 05:13:13.944 INFO [main] org.apache.catalina.core.AprLifecycleListener.initializeSSL OpenSSL successfully initialized [OpenSSL 3.0.14 4 Jun 2024]
27-Nov-2024 05:13:14.495 INFO [main] org.apache.coyote.AbstractProtocol.init Initializing ProtocolHandler ["http-nio-8080"]
27-Nov-2024 05:13:14.526 INFO [main] org.apache.catalina.startup.Catalina.load Server initialization in [897] milliseconds
27-Nov-2024 05:13:14.592 INFO [main] org.apache.catalina.core.StandardService.startInternal Starting service [Catalina]
27-Nov-2024 05:13:14.592 INFO [main] org.apache.catalina.core.StandardEngine.startInternal Starting Servlet engine: [Apache Tomcat/9.0.97]
27-Nov-2024 05:13:14.607 INFO [main] org.apache.catalina.startup.HostConfig.deployDescriptor Deploying deployment descriptor [C:\Users\vasanth\Documents\ZohoContinue\MockerDB-vasanth\conf\Catalina\localhost\MockerDB-vasanth.xml]
27-Nov-2024 05:13:17.670 INFO [main] org.apache.catalina.startup.HostConfig.deployDescriptor Deployment of deployment descriptor [C:\Users\vasanth\Documents\ZohoContinue\MockerDB-vasanth\conf\Catalina\localhost\MockerDB-vasanth.xml] has finished in [3,063] ms
27-Nov-2024 05:13:17.673 INFO [main] org.apache.coyote.AbstractProtocol.start Starting ProtocolHandler ["http-nio-8080"]
27-Nov-2024 05:13:17.707 INFO [main] org.apache.catalina.startup.Catalina.start Server startup in [3179] milliseconds
27-Nov-2024 05:14:09.542 INFO [Thread-1] org.apache.coyote.AbstractProtocol.pause Pausing ProtocolHandler ["http-nio-8080"]
27-Nov-2024 05:14:09.549 INFO [Thread-1] org.apache.catalina.core.StandardService.stopInternal Stopping service [Catalina]
27-Nov-2024 05:14:09.570 INFO [Thread-1] org.apache.coyote.AbstractProtocol.stop Stopping ProtocolHandler ["http-nio-8080"]
27-Nov-2024 05:14:09.580 INFO [Thread-1] org.apache.coyote.AbstractProtocol.destroy Destroying ProtocolHandler ["http-nio-8080"]
27-Nov-2024 05:14:13.090 INFO [main] org.apache.catalina.startup.VersionLoggerListener.log Server version name:   Apache Tomcat/9.0.97
27-Nov-2024 05:14:13.095 INFO [main] org.apache.catalina.startup.VersionLoggerListener.log Server built:          Nov 6 2024 19:55:19 UTC
27-Nov-2024 05:14:13.095 INFO [main] org.apache.catalina.startup.VersionLoggerListener.log Server version number: 9.0.97.0
27-Nov-2024 05:14:13.095 INFO [main] org.apache.catalina.startup.VersionLoggerListener.log OS Name:               Windows 11
27-Nov-2024 05:14:13.095 INFO [main] org.apache.catalina.startup.VersionLoggerListener.log OS Version:            10.0
27-Nov-2024 05:14:13.095 INFO [main] org.apache.catalina.startup.VersionLoggerListener.log Architecture:          amd64
27-Nov-2024 05:14:13.095 INFO [main] org.apache.catalina.startup.VersionLoggerListener.log Java Home:             C:\Users\vasanth\.jdks\openjdk-23.0.1
27-Nov-2024 05:14:13.095 INFO [main] org.apache.catalina.startup.VersionLoggerListener.log JVM Version:           23.0.1+11-39
27-Nov-2024 05:14:13.095 INFO [main] org.apache.catalina.startup.VersionLoggerListener.log JVM Vendor:            Oracle Corporation
27-Nov-2024 05:14:13.096 INFO [main] org.apache.catalina.startup.VersionLoggerListener.log CATALINA_BASE:         C:\Users\vasanth\Documents\ZohoContinue\MockerDB-vasanth
27-Nov-2024 05:14:13.096 INFO [main] org.apache.catalina.startup.VersionLoggerListener.log CATALINA_HOME:         C:\Users\vasanth\Downloads\apache-tomcat-9.0.97-windows-x64\apache-tomcat-9.0.97
27-Nov-2024 05:14:13.104 INFO [main] org.apache.catalina.startup.VersionLoggerListener.log Command line argument: --add-opens=java.base/java.lang=ALL-UNNAMED
27-Nov-2024 05:14:13.104 INFO [main] org.apache.catalina.startup.VersionLoggerListener.log Command line argument: --add-opens=java.base/java.io=ALL-UNNAMED
27-Nov-2024 05:14:13.104 INFO [main] org.apache.catalina.startup.VersionLoggerListener.log Command line argument: --add-opens=java.base/java.util=ALL-UNNAMED
27-Nov-2024 05:14:13.104 INFO [main] org.apache.catalina.startup.VersionLoggerListener.log Command line argument: --add-opens=java.base/java.util.concurrent=ALL-UNNAMED
27-Nov-2024 05:14:13.105 INFO [main] org.apache.catalina.startup.VersionLoggerListener.log Command line argument: --add-opens=java.rmi/sun.rmi.transport=ALL-UNNAMED
27-Nov-2024 05:14:13.105 INFO [main] org.apache.catalina.startup.VersionLoggerListener.log Command line argument: -Dcatalina.home=C:\Users\vasanth\Downloads\apache-tomcat-9.0.97-windows-x64\apache-tomcat-9.0.97
27-Nov-2024 05:14:13.105 INFO [main] org.apache.catalina.startup.VersionLoggerListener.log Command line argument: -Dcatalina.base=C:\Users\vasanth\Documents\ZohoContinue\MockerDB-vasanth
27-Nov-2024 05:14:13.105 INFO [main] org.apache.catalina.startup.VersionLoggerListener.log Command line argument: -Djava.io.tmpdir=C:\Users\vasanth\Documents\ZohoContinue\MockerDB-vasanth\temp
27-Nov-2024 05:14:13.105 INFO [main] org.apache.catalina.startup.VersionLoggerListener.log Command line argument: -Djava.util.logging.config.file=C:\Users\vasanth\Documents\ZohoContinue\MockerDB-vasanth\conf\logging.properties
27-Nov-2024 05:14:13.105 INFO [main] org.apache.catalina.startup.VersionLoggerListener.log Command line argument: -Djava.util.logging.manager=org.apache.juli.ClassLoaderLogManager
27-Nov-2024 05:14:13.106 INFO [main] org.apache.catalina.startup.VersionLoggerListener.log Command line argument: -javaagent:C:\Users\vasanth\AppData\Local\JetBrains\IntelliJ IDEA Community Edition 2024.1.4\lib\idea_rt.jar=55251:C:\Users\vasanth\AppData\Local\JetBrains\IntelliJ IDEA Community Edition 2024.1.4\bin
27-Nov-2024 05:14:13.106 INFO [main] org.apache.catalina.startup.VersionLoggerListener.log Command line argument: -Dfile.encoding=UTF-8
27-Nov-2024 05:14:13.106 INFO [main] org.apache.catalina.startup.VersionLoggerListener.log Command line argument: -Dsun.stdout.encoding=UTF-8
27-Nov-2024 05:14:13.106 INFO [main] org.apache.catalina.startup.VersionLoggerListener.log Command line argument: -Dsun.stderr.encoding=UTF-8
27-Nov-2024 05:14:13.110 INFO [main] org.apache.catalina.core.AprLifecycleListener.lifecycleEvent Loaded Apache Tomcat Native library [1.3.1] using APR version [1.7.4].
27-Nov-2024 05:14:13.110 INFO [main] org.apache.catalina.core.AprLifecycleListener.lifecycleEvent APR capabilities: IPv6 [true], sendfile [true], accept filters [false], random [true], UDS [true].
27-Nov-2024 05:14:13.110 INFO [main] org.apache.catalina.core.AprLifecycleListener.lifecycleEvent APR/OpenSSL configuration: useAprConnector [false], useOpenSSL [true]
27-Nov-2024 05:14:13.117 INFO [main] org.apache.catalina.core.AprLifecycleListener.initializeSSL OpenSSL successfully initialized [OpenSSL 3.0.14 4 Jun 2024]
27-Nov-2024 05:14:13.658 INFO [main] org.apache.coyote.AbstractProtocol.init Initializing ProtocolHandler ["http-nio-8080"]
27-Nov-2024 05:14:13.682 INFO [main] org.apache.catalina.startup.Catalina.load Server initialization in [888] milliseconds
27-Nov-2024 05:14:13.743 INFO [main] org.apache.catalina.core.StandardService.startInternal Starting service [Catalina]
27-Nov-2024 05:14:13.743 INFO [main] org.apache.catalina.core.StandardEngine.startInternal Starting Servlet engine: [Apache Tomcat/9.0.97]
27-Nov-2024 05:14:13.758 INFO [main] org.apache.catalina.startup.HostConfig.deployDescriptor Deploying deployment descriptor [C:\Users\vasanth\Documents\ZohoContinue\MockerDB-vasanth\conf\Catalina\localhost\MockerDB-vasanth.xml]
27-Nov-2024 05:14:16.810 INFO [main] org.apache.catalina.startup.HostConfig.deployDescriptor Deployment of deployment descriptor [C:\Users\vasanth\Documents\ZohoContinue\MockerDB-vasanth\conf\Catalina\localhost\MockerDB-vasanth.xml] has finished in [3,052] ms
27-Nov-2024 05:14:16.813 INFO [main] org.apache.coyote.AbstractProtocol.start Starting ProtocolHandler ["http-nio-8080"]
27-Nov-2024 05:14:16.834 INFO [main] org.apache.catalina.startup.Catalina.start Server startup in [3147] milliseconds
27-Nov-2024 05:15:56.304 INFO [Thread-1] org.apache.coyote.AbstractProtocol.pause Pausing ProtocolHandler ["http-nio-8080"]
27-Nov-2024 05:15:56.311 INFO [Thread-1] org.apache.catalina.core.StandardService.stopInternal Stopping service [Catalina]
27-Nov-2024 05:15:56.334 INFO [Thread-1] org.apache.coyote.AbstractProtocol.stop Stopping ProtocolHandler ["http-nio-8080"]
27-Nov-2024 05:15:56.343 INFO [Thread-1] org.apache.coyote.AbstractProtocol.destroy Destroying ProtocolHandler ["http-nio-8080"]
