11-Dec-2024 04:00:51.932 INFO [main] org.apache.catalina.startup.VersionLoggerListener.log Server version name:   Apache Tomcat/9.0.97
11-Dec-2024 04:00:51.935 INFO [main] org.apache.catalina.startup.VersionLoggerListener.log Server built:          Nov 6 2024 19:55:19 UTC
11-Dec-2024 04:00:51.935 INFO [main] org.apache.catalina.startup.VersionLoggerListener.log Server version number: 9.0.97.0
11-Dec-2024 04:00:51.936 INFO [main] org.apache.catalina.startup.VersionLoggerListener.log OS Name:               Windows 11
11-Dec-2024 04:00:51.936 INFO [main] org.apache.catalina.startup.VersionLoggerListener.log OS Version:            10.0
11-Dec-2024 04:00:51.936 INFO [main] org.apache.catalina.startup.VersionLoggerListener.log Architecture:          amd64
11-Dec-2024 04:00:51.936 INFO [main] org.apache.catalina.startup.VersionLoggerListener.log Java Home:             C:\Users\vasanth\.jdks\openjdk-23.0.1
11-Dec-2024 04:00:51.936 INFO [main] org.apache.catalina.startup.VersionLoggerListener.log JVM Version:           23.0.1+11-39
11-Dec-2024 04:00:51.936 INFO [main] org.apache.catalina.startup.VersionLoggerListener.log JVM Vendor:            Oracle Corporation
11-Dec-2024 04:00:51.936 INFO [main] org.apache.catalina.startup.VersionLoggerListener.log CATALINA_BASE:         C:\Users\vasanth\Documents\ZohoContinue\MockerDB-vasanth
11-Dec-2024 04:00:51.936 INFO [main] org.apache.catalina.startup.VersionLoggerListener.log CATALINA_HOME:         C:\Users\vasanth\Downloads\apache-tomcat-9.0.97-windows-x64\apache-tomcat-9.0.97
11-Dec-2024 04:00:51.943 INFO [main] org.apache.catalina.startup.VersionLoggerListener.log Command line argument: --add-opens=java.base/java.lang=ALL-UNNAMED
11-Dec-2024 04:00:51.943 INFO [main] org.apache.catalina.startup.VersionLoggerListener.log Command line argument: --add-opens=java.base/java.io=ALL-UNNAMED
11-Dec-2024 04:00:51.943 INFO [main] org.apache.catalina.startup.VersionLoggerListener.log Command line argument: --add-opens=java.base/java.util=ALL-UNNAMED
11-Dec-2024 04:00:51.943 INFO [main] org.apache.catalina.startup.VersionLoggerListener.log Command line argument: --add-opens=java.base/java.util.concurrent=ALL-UNNAMED
11-Dec-2024 04:00:51.943 INFO [main] org.apache.catalina.startup.VersionLoggerListener.log Command line argument: --add-opens=java.rmi/sun.rmi.transport=ALL-UNNAMED
11-Dec-2024 04:00:51.943 INFO [main] org.apache.catalina.startup.VersionLoggerListener.log Command line argument: -Dcatalina.home=C:\Users\vasanth\Downloads\apache-tomcat-9.0.97-windows-x64\apache-tomcat-9.0.97
11-Dec-2024 04:00:51.943 INFO [main] org.apache.catalina.startup.VersionLoggerListener.log Command line argument: -Dcatalina.base=C:\Users\vasanth\Documents\ZohoContinue\MockerDB-vasanth
11-Dec-2024 04:00:51.943 INFO [main] org.apache.catalina.startup.VersionLoggerListener.log Command line argument: -Djava.io.tmpdir=C:\Users\vasanth\Documents\ZohoContinue\MockerDB-vasanth\temp
11-Dec-2024 04:00:51.943 INFO [main] org.apache.catalina.startup.VersionLoggerListener.log Command line argument: -Djava.util.logging.config.file=C:\Users\vasanth\Documents\ZohoContinue\MockerDB-vasanth\conf\logging.properties
11-Dec-2024 04:00:51.943 INFO [main] org.apache.catalina.startup.VersionLoggerListener.log Command line argument: -Djava.util.logging.manager=org.apache.juli.ClassLoaderLogManager
11-Dec-2024 04:00:51.943 INFO [main] org.apache.catalina.startup.VersionLoggerListener.log Command line argument: -javaagent:C:\Users\vasanth\AppData\Local\JetBrains\IntelliJ IDEA Community Edition 2024.1.4\lib\idea_rt.jar=50180:C:\Users\vasanth\AppData\Local\JetBrains\IntelliJ IDEA Community Edition 2024.1.4\bin
11-Dec-2024 04:00:51.943 INFO [main] org.apache.catalina.startup.VersionLoggerListener.log Command line argument: -Dfile.encoding=UTF-8
11-Dec-2024 04:00:51.944 INFO [main] org.apache.catalina.startup.VersionLoggerListener.log Command line argument: -Dsun.stdout.encoding=UTF-8
11-Dec-2024 04:00:51.944 INFO [main] org.apache.catalina.startup.VersionLoggerListener.log Command line argument: -Dsun.stderr.encoding=UTF-8
11-Dec-2024 04:00:52.166 INFO [main] org.apache.catalina.core.AprLifecycleListener.lifecycleEvent Loaded Apache Tomcat Native library [1.3.1] using APR version [1.7.4].
11-Dec-2024 04:00:52.166 INFO [main] org.apache.catalina.core.AprLifecycleListener.lifecycleEvent APR capabilities: IPv6 [true], sendfile [true], accept filters [false], random [true], UDS [true].
11-Dec-2024 04:00:52.167 INFO [main] org.apache.catalina.core.AprLifecycleListener.lifecycleEvent APR/OpenSSL configuration: useAprConnector [false], useOpenSSL [true]
11-Dec-2024 04:00:52.178 INFO [main] org.apache.catalina.core.AprLifecycleListener.initializeSSL OpenSSL successfully initialized [OpenSSL 3.0.14 4 Jun 2024]
11-Dec-2024 04:00:52.561 INFO [main] org.apache.coyote.AbstractProtocol.init Initializing ProtocolHandler ["http-nio-8080"]
11-Dec-2024 04:00:52.578 INFO [main] org.apache.catalina.startup.Catalina.load Server initialization in [859] milliseconds
11-Dec-2024 04:00:52.619 INFO [main] org.apache.catalina.core.StandardService.startInternal Starting service [Catalina]
11-Dec-2024 04:00:52.619 INFO [main] org.apache.catalina.core.StandardEngine.startInternal Starting Servlet engine: [Apache Tomcat/9.0.97]
11-Dec-2024 04:00:52.630 INFO [main] org.apache.catalina.startup.HostConfig.deployDescriptor Deploying deployment descriptor [C:\Users\vasanth\Documents\ZohoContinue\MockerDB-vasanth\conf\Catalina\localhost\MockerDB-vasanth.xml]
11-Dec-2024 04:00:55.319 INFO [main] org.apache.catalina.startup.HostConfig.deployDescriptor Deployment of deployment descriptor [C:\Users\vasanth\Documents\ZohoContinue\MockerDB-vasanth\conf\Catalina\localhost\MockerDB-vasanth.xml] has finished in [2,688] ms
11-Dec-2024 04:00:55.322 INFO [main] org.apache.coyote.AbstractProtocol.start Starting ProtocolHandler ["http-nio-8080"]
11-Dec-2024 04:00:55.340 INFO [main] org.apache.catalina.startup.Catalina.start Server startup in [2760] milliseconds
